0 info it worked if it ends with ok
1 verbose cli [ '/usr/local/Cellar/node/0.10.32/bin/node',
1 verbose cli   '/usr/local/bin/npm',
1 verbose cli   'run',
1 verbose cli   'production' ]
2 info using npm@3.8.3
3 info using node@v5.10.0
4 verbose run-script [ 'preproduction', 'production', 'postproduction' ]
5 info lifecycle github-battle@1.0.0~preproduction: github-battle@1.0.0
6 silly lifecycle github-battle@1.0.0~preproduction: no script for preproduction, continuing
7 info lifecycle github-battle@1.0.0~production: github-battle@1.0.0
8 verbose lifecycle github-battle@1.0.0~production: unsafe-perm in lifecycle true
9 verbose lifecycle github-battle@1.0.0~production: PATH: /usr/local/lib/node_modules/npm/bin/node-gyp-bin:/Users/mac/Sites/github-battle/node_modules/.bin:/usr/local/Cellar/node/0.10.32/bin:/usr/local/bin:/usr/bin:/bin:/usr/sbin:/sbin:/usr/local/git/bin:/Users/mac/sdk/platform-tools:/Users/mac/sdk/tools
10 verbose lifecycle github-battle@1.0.0~production: CWD: /Users/mac/Sites/github-battle
11 silly lifecycle github-battle@1.0.0~production: Args: [ '-c', 'webpack -p' ]
12 silly lifecycle github-battle@1.0.0~production: Returned: code: 255  signal: null
13 info lifecycle github-battle@1.0.0~production: Failed to exec production script
14 verbose stack Error: github-battle@1.0.0 production: `webpack -p`
14 verbose stack Exit status 255
14 verbose stack     at EventEmitter.<anonymous> (/usr/local/lib/node_modules/npm/lib/utils/lifecycle.js:239:16)
14 verbose stack     at emitTwo (events.js:100:13)
14 verbose stack     at EventEmitter.emit (events.js:185:7)
14 verbose stack     at ChildProcess.<anonymous> (/usr/local/lib/node_modules/npm/lib/utils/spawn.js:24:14)
14 verbose stack     at emitTwo (events.js:100:13)
14 verbose stack     at ChildProcess.emit (events.js:185:7)
14 verbose stack     at maybeClose (internal/child_process.js:850:16)
14 verbose stack     at Process.ChildProcess._handle.onexit (internal/child_process.js:215:5)
15 verbose pkgid github-battle@1.0.0
16 verbose cwd /Users/mac/Sites/github-battle
17 error Darwin 14.4.0
18 error argv "/usr/local/Cellar/node/0.10.32/bin/node" "/usr/local/bin/npm" "run" "production"
19 error node v5.10.0
20 error npm  v3.8.3
21 error code ELIFECYCLE
22 error github-battle@1.0.0 production: `webpack -p`
22 error Exit status 255
23 error Failed at the github-battle@1.0.0 production script 'webpack -p'.
23 error Make sure you have the latest version of node.js and npm installed.
23 error If you do, this is most likely a problem with the github-battle package,
23 error not with npm itself.
23 error Tell the author that this fails on your system:
23 error     webpack -p
23 error You can get information on how to open an issue for this project with:
23 error     npm bugs github-battle
23 error Or if that isn't available, you can get their info via:
23 error     npm owner ls github-battle
23 error There is likely additional logging output above.
24 verbose exit [ 1, true ]
